app/build/outputs/logs/manifest-merger-release-report.txt
-- Merging decision tree log ---
manifest
ADDED from src/main/AndroidManifest.xml:2:1-136:12
	package
		ADDED from src/main/AndroidManifest.xml:3:5-39
		INJECTED from src/main/AndroidManifest.xml
		INJECTED from src/main/AndroidManifest.xml
	android:versionName
		ADDED from src/main/AndroidManifest.xml:5:5-30
		INJECTED from src/main/AndroidManifest.xml
		INJECTED from src/main/AndroidManifest.xml
	xmlns:tools
		ADDED from src/main/AndroidManifest.xml:6:5-51
	android:versionCode
		ADDED from src/main/AndroidManifest.xml:4:5-28
		INJECTED from src/main/AndroidManifest.xml
		INJECTED from src/main/AndroidManifest.xml
	xmlns:android
		ADDED from src/main/AndroidManifest.xml:2:11-69
uses-sdk
ADDED from src/main/AndroidManifest.xml:8:5-10:41
MERGED from [com.google.android.gms:play-services:6.5.87] AndroidManifest.xml:18:5-42
MERGED from [com.android.support:support-v4:23.4.0] AndroidManifest.xml:20:5-43
MERGED from [com.facebook.android:facebook-android-sdk:4.7.0] AndroidManifest.xml:24:5-26:41
MERGED from [com.android.support:appcompat-v7:23.4.0] AndroidManifest.xml:21:5-23:78
MERGED from [com.android.support:animated-vector-drawable:23.4.0] AndroidManifest.xml:5:5-44
MERGED from [com.android.support:support-vector-drawable:23.4.0] AndroidManifest.xml:5:5-43
	tools:overrideLibrary
		ADDED from [com.android.support:appcompat-v7:23.4.0] AndroidManifest.xml:23:9-75
	android:targetSdkVersion
		ADDED from src/main/AndroidManifest.xml:10:9-38
		INJECTED from src/main/AndroidManifest.xml
		INJECTED from src/main/AndroidManifest.xml
	android:minSdkVersion
		ADDED from src/main/AndroidManifest.xml:9:9-35
		INJECTED from src/main/AndroidManifest.xml
		INJECTED from src/main/AndroidManifest.xml
permission#com.androidbunch.drawroutev2.permission.MAPS_RECEIVE
ADDED from src/main/AndroidManifest.xml:12:5-14:47
	android:protectionLevel
		ADDED from src/main/AndroidManifest.xml:14:9-44
	android:name
		ADDED from src/main/AndroidManifest.xml:13:9-76
uses-feature#0x00020000
ADDED from src/main/AndroidManifest.xml:16:5-18:35
	android:glEsVersion
		ADDED from src/main/AndroidManifest.xml:17:9-41
	android:required
		ADDED from src/main/AndroidManifest.xml:18:9-32
uses-permission#com.androidbunch.drawroutev2.permission.MAPS_RECEIVE
ADDED from src/main/AndroidManifest.xml:20:5-92
	android:name
		ADDED from src/main/AndroidManifest.xml:20:22-89
uses-permission#android.permission.INTERNET
ADDED from src/main/AndroidManifest.xml:21:5-67
	android:name
		ADDED from src/main/AndroidManifest.xml:21:22-64
uses-permission#com.google.android.providers.gsf.permission.READ_GSERVICES
ADDED from src/main/AndroidManifest.xml:22:5-98
	android:name
		ADDED from src/main/AndroidManifest.xml:22:22-95
uses-permission#android.permission.ACCESS_COARSE_LOCATION
ADDED from src/main/AndroidManifest.xml:23:5-81
	android:name
		ADDED from src/main/AndroidManifest.xml:23:22-78
uses-permission#android.permission.ACCESS_NETWORK_STATE
ADDED from src/main/AndroidManifest.xml:24:5-79
	android:name
		ADDED from src/main/AndroidManifest.xml:24:22-76
uses-permission#android.permission.ACCESS_FINE_LOCATION
ADDED from src/main/AndroidManifest.xml:25:5-79
	android:name
		ADDED from src/main/AndroidManifest.xml:25:22-76
uses-permission#android.permission.CALL_PHONE
ADDED from src/main/AndroidManifest.xml:26:5-69
	android:name
		ADDED from src/main/AndroidManifest.xml:26:22-66
uses-permission#android.permission.WAKE_LOCK
ADDED from src/main/AndroidManifest.xml:27:5-68
	android:name
		ADDED from src/main/AndroidManifest.xml:27:22-65
uses-permission#android.permission.WRITE_EXTERNAL_STORAGE
ADDED from src/main/AndroidManifest.xml:28:5-81
	android:name
		ADDED from src/main/AndroidManifest.xml:28:22-78
uses-permission#android.permission.GET_ACCOUNTS
ADDED from src/main/AndroidManifest.xml:29:5-71
	android:name
		ADDED from src/main/AndroidManifest.xml:29:22-68
uses-permission#android.permission.USE_CREDENTIALS
ADDED from src/main/AndroidManifest.xml:30:5-74
	android:name
		ADDED from src/main/AndroidManifest.xml:30:22-71
android:uses-permission#android.permission.READ_PHONE_STATE
ADDED from src/main/AndroidManifest.xml:31:5-83
	android:name
		ADDED from src/main/AndroidManifest.xml:31:30-80
android:uses-permission#android.permission.READ_EXTERNAL_STORAGE
ADDED from src/main/AndroidManifest.xml:32:5-88
	android:name
		ADDED from src/main/AndroidManifest.xml:32:30-85
application
ADDED from src/main/AndroidManifest.xml:34:5-134:19
MERGED from [com.google.android.gms:play-services:6.5.87] AndroidManifest.xml:20:5-24:19
MERGED from [com.android.support:support-v4:23.4.0] AndroidManifest.xml:22:5-20
MERGED from [com.facebook.android:facebook-android-sdk:4.7.0] AndroidManifest.xml:28:5-20
MERGED from [com.android.support:appcompat-v7:23.4.0] AndroidManifest.xml:25:5-20
MERGED from [com.android.support:animated-vector-drawable:23.4.0] AndroidManifest.xml:7:5-20
MERGED from [com.android.support:support-vector-drawable:23.4.0] AndroidManifest.xml:7:5-20
	android:label
		ADDED from src/main/AndroidManifest.xml:37:9-41
	android:allowBackup
		ADDED from src/main/AndroidManifest.xml:35:9-35
	android:icon
		ADDED from src/main/AndroidManifest.xml:36:9-45
	android:largeHeap
		ADDED from src/main/AndroidManifest.xml:38:9-33
meta-data#com.google.android.gms.version
ADDED from src/main/AndroidManifest.xml:39:9-41:69
MERGED from [com.google.android.gms:play-services:6.5.87] AndroidManifest.xml:21:9-23:69
	android:value
		ADDED from src/main/AndroidManifest.xml:41:13-66
	android:name
		ADDED from src/main/AndroidManifest.xml:40:13-58
meta-data#com.google.android.maps.v2.API_KEY
ADDED from src/main/AndroidManifest.xml:42:9-44:71
	android:value
		ADDED from src/main/AndroidManifest.xml:44:13-68
	android:name
		ADDED from src/main/AndroidManifest.xml:43:13-62
activity#com.facebook.FacebookActivity
ADDED from src/main/AndroidManifest.xml:46:9-66
	android:name
		ADDED from src/main/AndroidManifest.xml:46:19-63
meta-data#com.facebook.sdk.ApplicationId
ADDED from src/main/AndroidManifest.xml:48:9-51:46
	tools:ignore
		ADDED from src/main/AndroidManifest.xml:51:13-44
	android:value
		ADDED from src/main/AndroidManifest.xml:50:13-52
	android:name
		ADDED from src/main/AndroidManifest.xml:49:13-58
activity#freaktemplate.restaurant.Home
ADDED from src/main/AndroidManifest.xml:53:9-57:55
	android:screenOrientation
		ADDED from src/main/AndroidManifest.xml:56:13-49
	android:label
		ADDED from src/main/AndroidManifest.xml:55:13-45
	android:windowSoftInputMode
		ADDED from src/main/AndroidManifest.xml:57:13-52
	android:name
		ADDED from src/main/AndroidManifest.xml:54:13-33
activity#freaktemplate.restaurant.MainActivity
ADDED from src/main/AndroidManifest.xml:58:9-60:36
	android:label
		ADDED from src/main/AndroidManifest.xml:60:13-33
	android:name
		ADDED from src/main/AndroidManifest.xml:59:13-41
activity#freaktemplate.restaurant.Detailpage
ADDED from src/main/AndroidManifest.xml:61:9-64:52
	android:screenOrientation
		ADDED from src/main/AndroidManifest.xml:64:13-49
	android:label
		ADDED from src/main/AndroidManifest.xml:63:13-62
	android:name
		ADDED from src/main/AndroidManifest.xml:62:13-39
activity#freaktemplate.restaurant.Gmap
ADDED from src/main/AndroidManifest.xml:65:9-68:52
	android:screenOrientation
		ADDED from src/main/AndroidManifest.xml:68:13-49
	android:label
		ADDED from src/main/AndroidManifest.xml:67:13-56
	android:name
		ADDED from src/main/AndroidManifest.xml:66:13-33
activity#freaktemplate.restaurant.Review
ADDED from src/main/AndroidManifest.xml:69:9-72:52
	android:screenOrientation
		ADDED from src/main/AndroidManifest.xml:72:13-49
	android:label
		ADDED from src/main/AndroidManifest.xml:71:13-58
	android:name
		ADDED from src/main/AndroidManifest.xml:70:13-35
activity#freaktemplate.restaurant.Offer
ADDED from src/main/AndroidManifest.xml:73:9-76:52
	android:screenOrientation
		ADDED from src/main/AndroidManifest.xml:76:13-49
	android:label
		ADDED from src/main/AndroidManifest.xml:75:13-57
	android:name
		ADDED from src/main/AndroidManifest.xml:74:13-34
activity#freaktemplate.restaurant.Videopage
ADDED from src/main/AndroidManifest.xml:77:9-79:64
	android:label
		ADDED from src/main/AndroidManifest.xml:79:13-61
	android:name
		ADDED from src/main/AndroidManifest.xml:78:13-38
activity#freaktemplate.restaurant.Category
ADDED from src/main/AndroidManifest.xml:80:9-83:52
	android:screenOrientation
		ADDED from src/main/AndroidManifest.xml:83:13-49
	android:label
		ADDED from src/main/AndroidManifest.xml:82:13-60
	android:name
		ADDED from src/main/AndroidManifest.xml:81:13-37
activity#freaktemplate.restaurant.Favourite
ADDED from src/main/AndroidManifest.xml:84:9-87:52
	android:screenOrientation
		ADDED from src/main/AndroidManifest.xml:87:13-49
	android:label
		ADDED from src/main/AndroidManifest.xml:86:13-61
	android:name
		ADDED from src/main/AndroidManifest.xml:85:13-38
activity#freaktemplate.restaurant.Booktable
ADDED from src/main/AndroidManifest.xml:88:9-92:55
	android:screenOrientation
		ADDED from src/main/AndroidManifest.xml:91:13-49
	android:label
		ADDED from src/main/AndroidManifest.xml:90:13-61
	android:windowSoftInputMode
		ADDED from src/main/AndroidManifest.xml:92:13-52
	android:name
		ADDED from src/main/AndroidManifest.xml:89:13-38
activity#freaktemplate.restaurant.Setting
ADDED from src/main/AndroidManifest.xml:93:9-96:52
	android:screenOrientation
		ADDED from src/main/AndroidManifest.xml:96:13-49
	android:label
		ADDED from src/main/AndroidManifest.xml:95:13-59
	android:name
		ADDED from src/main/AndroidManifest.xml:94:13-36
activity#freaktemplate.restaurant.About
ADDED from src/main/AndroidManifest.xml:97:9-100:52
	android:screenOrientation
		ADDED from src/main/AndroidManifest.xml:100:13-49
	android:label
		ADDED from src/main/AndroidManifest.xml:99:13-57
	android:name
		ADDED from src/main/AndroidManifest.xml:98:13-34
activity#freaktemplate.restaurant.Termcondition
ADDED from src/main/AndroidManifest.xml:101:9-104:52
	android:screenOrientation
		ADDED from src/main/AndroidManifest.xml:104:13-49
	android:label
		ADDED from src/main/AndroidManifest.xml:103:13-65
	android:name
		ADDED from src/main/AndroidManifest.xml:102:13-42
activity#com.google.android.gms.ads.AdActivity
ADDED from src/main/AndroidManifest.xml:105:9-108:64
	android:configChanges
		ADDED from src/main/AndroidManifest.xml:107:13-122
	android:theme
		ADDED from src/main/AndroidManifest.xml:108:13-61
	android:name
		ADDED from src/main/AndroidManifest.xml:106:13-65
activity#freaktemplate.restaurant.Splash
ADDED from src/main/AndroidManifest.xml:109:9-118:20
	android:screenOrientation
		ADDED from src/main/AndroidManifest.xml:112:13-49
	android:label
		ADDED from src/main/AndroidManifest.xml:111:13-58
	android:name
		ADDED from src/main/AndroidManifest.xml:110:13-35
intent-filter#android.intent.action.MAIN+android.intent.category.LAUNCHER
ADDED from src/main/AndroidManifest.xml:113:13-117:29
action#android.intent.action.MAIN
ADDED from src/main/AndroidManifest.xml:114:17-69
	android:name
		ADDED from src/main/AndroidManifest.xml:114:25-66
category#android.intent.category.LAUNCHER
ADDED from src/main/AndroidManifest.xml:116:17-77
	android:name
		ADDED from src/main/AndroidManifest.xml:116:27-74
service#freaktemplate.restaurant.NotificationService
ADDED from src/main/AndroidManifest.xml:120:9-122:38
	android:enabled
		ADDED from src/main/AndroidManifest.xml:122:13-35
	android:name
		ADDED from src/main/AndroidManifest.xml:121:13-48
receiver#freaktemplate.restaurant.AlarmReceiver
ADDED from src/main/AndroidManifest.xml:124:9-126:41
	android:process
		ADDED from src/main/AndroidManifest.xml:126:13-38
	android:name
		ADDED from src/main/AndroidManifest.xml:125:13-42
activity#freaktemplate.restaurant.Login
ADDED from src/main/AndroidManifest.xml:131:9-43
	android:name
		ADDED from src/main/AndroidManifest.xml:131:19-40
activity#freaktemplate.restaurant.Register
ADDED from src/main/AndroidManifest.xml:132:9-46
	android:name
		ADDED from src/main/AndroidManifest.xml:132:19-43
activity#freaktemplate.restaurant.Profile
ADDED from src/main/AndroidManifest.xml:133:9-54
	android:name
		ADDED from src/main/AndroidManifest.xml:133:19-42